<?xml version="1.0" encoding="UTF-8"?>
<testsuite name="baseline.Solution45Test" tests="1" skipped="0" failures="0" errors="0" timestamp="2021-10-15T06:05:43" hostname="DESKTOP-60QMB9L" time="0.013">
  <properties/>
  <testcase name="writeToFile()" classname="baseline.Solution45Test" time="0.013"/>
  <system-out><![CDATA[]]></system-out>
  <system-err><![CDATA[]]></system-err>
</testsuite>
