<?xml version="1.0" encoding="UTF-8"?>
<testsuite name="baseline.Solution46Test" tests="1" skipped="0" failures="0" errors="0" timestamp="2021-10-17T19:45:36" hostname="DESKTOP-60QMB9L" time="0.013">
  <properties/>
  <testcase name="createHistogram()" classname="baseline.Solution46Test" time="0.013"/>
  <system-out><![CDATA[]]></system-out>
  <system-err><![CDATA[]]></system-err>
</testsuite>
