<?xml version="1.0" encoding="UTF-8"?>
<testsuite name="baseline.WebsiteTest" tests="1" skipped="0" failures="0" errors="0" timestamp="2021-10-15T00:50:28" hostname="DESKTOP-60QMB9L" time="0.013">
  <properties/>
  <testcase name="createWebsiteCss()" classname="baseline.WebsiteTest" time="0.013"/>
  <system-out><![CDATA[]]></system-out>
  <system-err><![CDATA[]]></system-err>
</testsuite>
