<?xml version="1.0" encoding="UTF-8"?>
<testsuite name="baseline.WebsiteTest" tests="1" skipped="0" failures="0" errors="0" timestamp="2021-10-13T05:11:01" hostname="DESKTOP-60QMB9L" time="0.013">
  <properties/>
  <testcase name="createWebsiteDirectory()" classname="baseline.WebsiteTest" time="0.013"/>
  <system-out><![CDATA[]]></system-out>
  <system-err><![CDATA[]]></system-err>
</testsuite>
