<?xml version="1.0" encoding="UTF-8"?>
<testsuite name="baseline.Solution44Test" tests="1" skipped="0" failures="0" errors="0" timestamp="2021-10-18T02:24:03" hostname="DESKTOP-60QMB9L" time="0.017">
  <properties/>
  <testcase name="checkForItem()" classname="baseline.Solution44Test" time="0.017"/>
  <system-out><![CDATA[Name: Widget
Price: 25.0
Quantity: 5
]]></system-out>
  <system-err><![CDATA[]]></system-err>
</testsuite>
